Log: Log file open, 12/05/20 13:08:44
Init: ----------------------------------------
Init: SWAT VERSION NUMBER: 7.2
Init: ----------------------------------------
Init: Compiled: Nov 22 2005 12:00:47
Init: Command line: 
Init: Base directory: C:\GOG Games\SWAT 4\ContentExpansion\System\
Init: Character set: Unicode
Init: Found startup configuration: Startup.ini
Init: Adding FilePath: ..\System;..\Content\Scenarios;..\Content\Maps;..\..\ContentExpansion\System;..\..\ContentExpansion\Scenarios;..\..\ContentExpansion\Maps;..\..\ContentExpansion\Movies;..\..\ContentExpansion\LocalizedContent;..\..\ContentExpansion\Sounds;..\..\ContentExpansion\CustomSkins;..\..\ContentExpansion\Test\Maps;..\..\Content\System;..\..\Content\Scenarios;..\..\Content\Maps;..\..\LocalizedContent;..\..\Content\Sounds;..\Content\Sounds;..\..\Content\Movies;..\..\Content\Test\Maps
Log: Bound to Window.dll
Log: Bound to Core.dll
Log: Bound to Scripting.dll
Log: Bound to Engine.dll
Log: Bound to SwatAIAwareness.dll
Log: Bound to AICommon.dll
Log: Bound to ALAudio.dll
Init: Object subsystem initialized
Init: Computer: DESKTOPSTIL89
Init: User: Max
Init: CPU Page size=4096, Processors=8
Init: CPU Detected: Unknown processor (AuthenticAMD)
Init: CPU Features: CMov FPU RDTSC PAE MMX SSE
Init: CPU Speed=3594.051360 MHz
Init: Memory total: Phys=2097151K Pagef=4194303K Virt=2097024K
Init: Working set: 32000 / 159000
Init: Physical Memory: 2047 MByte
Init: D3D Device: Mem query DX7(3DDEVICE | LOCALVIDMEM | TEXTURE | VIDEOMEMORY) = 2078531584
Init: D3D Device: Mem query DX7(LOCALVIDMEM | TEXTURE | VIDEOMEMORY) = 2078531584
Init: D3D Device: Mem query DX7(OFFSCREENPLAIN | LOCALVIDMEM | VIDEOMEMORY) = 2078531584
Init: D3D Device: Mem query WMIVideoMemory = 2147483648
Init: D3D Device: Video memory on board: 2044 (MB)
Log: [ALAUDIO] - Initializing ALAudio device
Log: OS ID: 5
Log: SetInitialConfiguration: D3D Device VendorID=0x10DE DeviceID=0x1D01 DriverVersion.LowPart=0x1677
Log: Bound to SwatGame.dll
Log: Bound to RWOSupport.dll
Log: Bound to Tyrion.dll
Log: Bound to GUI.dll
Log: Bound to SwatAICommon.dll
Log: Bound to Editor.dll
Log: Bound to ScriptCompiler.dll
Log: Bound to IGEffectsSystem.dll
Log: Bound to IGSoundEffectsSubsystem.dll
Log: Bound to SwatEquipment.dll
Log: Bound to IpDrv.dll
Log: (Havok): Initializing base system.
Log: Bound to IGVisualEffectsSubsystem.dll
Warning: Failed to load 'Class SwatProtectiveEquipment.helmetGasMask': Failed to find object 'Class SwatProtectiveEquipment.helmetGasMask'
Warning: Failed to load 'StaticMesh gear_sef.ProtectNVGUp': Failed to find object 'StaticMesh gear_sef.ProtectNVGUp'
Warning: Failed to load 'TP_92fs': Can't find file for package 'TP_92fs'
Warning: Missing SkeletalMesh SkeletalMesh TP_92fs.92fs_TP
Init: Unreal engine initialized
Log: Bound to WinDrv.dll
Init: Client initialized
Log: Bound to D3DDrv.dll
Init: Direct3D adapters detected:
Log: 	nvldumd.dll/NVIDIA GeForce GT 1030
Init: D3D Driver: MaxTextureBlendStages=8
Init: D3D Driver: MaxSimultaneousTextures=8
Init: D3D Driver: MaxActiveLights=8
Init: D3D Driver: MaxPrimitiveCount=16777215
Init: D3D Driver: MaxVertexIndex=16777215
Init: D3D Driver: MaxStreams=16
Init: D3D Driver: MaxStreamStride=255
Init: D3D Driver: MaxVertexShaderConst=256
Init: D3D Driver: VertexShaderVersion=3.0
Init: D3D Driver: PixelShaderVersion=3.0
Init: D3D Driver: AGP support detected
Init: D3D Driver (IG_SHADER): PixelShaderVersion = min(30,30) = 30
Init: D3D Driver (IG_SHADER): VertexShaderVersion = 30
Init: D3D Driver (IG_SHADER): SupportsVertexShaders = 1
Init: D3D Driver (IG_SHADER): SupportsPixelShaders = 1
Init: D3D Driver (IG_SHADER): MaxVertexShaderConst = 256
Init: D3D Driver (IG_SHADER): VertexShaderConstants TotalSize = 256
Init: D3D Driver (IG_SHADER): PixelShaderConstants TotalSize = 8
Init: D3D Driver: Using w- pixel fog
Init: D3D Driver: Supports trilinear
Init: D3D Driver: Supports BLENDDIFFUSEALPHA
Init: D3D Driver: Supports LOD biasing
Init: D3D Driver: Supports Z biasing
Init: D3D Driver: Supports D3DTOP_ADDSIGNED2X
Init: D3D Driver: Supports D3DTOP_BUMPENVMAP
Init: D3D Driver: Supports D3DTOP_BUMPENVMAPLUMINANCE
Init: D3D Driver: Supports D3DTOP_DOTPRODUCT3
Init: D3D Driver: Supports D3DTOP_MODULATEALPHA_ADDCOLOR
Init: D3D Driver: Supports D3DTOP_MODULATECOLOR_ADDALPHA
Init: Unreal Engine Direct3D support - internal version: SB3
Init: D3D Device: szDriver=nvldumd.dll
Init: D3D Device: szDescription=NVIDIA GeForce GT 1030
Init: D3D Device: wProduct=27
Init: D3D Device: wVersion=21
Init: D3D Device: wSubVersion=14
Init: D3D Device: wBuild=5751
Init: D3D Device: dwVendorId=4318
Init: D3D Device: dwDeviceId=7425
Init: D3D Device: dwSubSysId=929502296
Init: D3D Device: dwRevision=161
Init: D3D Detected: NVidia video card
Init: D3D Device: using cubemaps [with mipmaps]
Log: Updating Revision level for 22682BF1467274478A3EDCBA64B0500E to 0
Log: Updating Revision level for 9E9F8D2A4273311A6D44BF9B05DAF58B to 0
Log: Updating Revision level for 7486C03443EEB8E6204563AB9DD051D8 to 0
Log: Updating Revision level for 1B7870A04D8BDD6BAB23018D0DD1C76D to 0
Log: Updating MD5 for C07F2C434D0873EDF0FDD28E6C83B442 [fc7254a0b646df52ed7779d394757604b42f5f0e0e45a696bd7e0e680243a4a2]
Log: Updating Revision level for DD05E7C64F1F30B6AEE5379217A645BC to 0
Log: Updating Revision level for 4967664944E97E7513D3F7AB32C247E2 to 0
Log: Updating Revision level for F84C52DA4A16D7731792FB83DBA3069C to 0
Log: Updating Revision level for B65B00FA4BB1FDF84D7A67820BF55FEA to 0
Log: Updating Revision level for 3CA697E94BDD3425FFBB2D8D1894C573 to 0
Log: Updating Revision level for 9A14CB6845D4FD07BB7BED9900F6957B to 0
Log: Updating Revision level for 75FA03DE45CB3972575735A2A59937C2 to 0
Log: Updating Revision level for 418B9A2248A58AE699336A967B69B387 to 0
Log: Updating Revision level for 6FA8A93D4977FD284C757A9722511E30 to 0
Log: Updating MD5 for 0E768A7B4B7FA7DCF23BE6B422341E4B [21297bfb0dacd00cb4ef639aabd6e93c1ef8104479100f8a479162a0877a7d5b]
Log: Updating Revision level for 747AB9064CE23802C64317BF7F6C7707 to 0
Log: Updating Revision level for F0334CDD4303CE061BF8EC8A10EF7170 to 0
Log: Updating Revision level for B47A4F7F45305134B01323A802D9EC02 to 0
Log: Updating Revision level for 378256A94CAD9DD0ADE47D969FFE5C2A to 0
Log: Updating Revision level for B53A73494AB671FE4A7FD4A7475F1DF9 to 0
Log: Updating Revision level for 63206ABE4BD5A333BDFAA4A128E01041 to 0
Log: Updating MD5 for 2076F64C448BC465E6C2069B428C0209 [0f4fcb51415f1b4583a8317a33849e2a75cf6ac8b7d0318dc75561b464143559]
Log: Updating MD5 for 284B7F654EFA294A05AD74845DBCA821 [0f4fcb51415f1b4583a8317a33849e2a75cf6ac8b7d0318dc75561b46414355962a2e2a356a46d39b1a36fd6a0d3c17c]
Log: LocalizedSoundPathRoot for language 'int' is 'int\Sounds\'
Log: ALAudio: Couldn't find a means to record audio.
Init: ALAudio: subsystem initialized.
DevMassive: ADCLIENT: MMT_Initialize swat_4_pc_na: MMT_SUCCESS
Log: LoadMap: Entry
Log: [dkaplan]: URL.Map = Entry
Log: ****************************************************
Log:  Beginning level load: 'Entry'
Log: ****************************************************
Log: ****************************************************
Log:  Finished level load in 0.009 seconds
Log: ****************************************************
Log: Building Collision Octree...
Log: Finished Building Collision Octree
Log: Game class is 'GameInfo'
Log: Level is Level Entry.myLevel
Log: *** WARNING - PATHS MAY NOT BE VALID ***
Log: Bringing Level Entry.myLevel up for play (0)...
Log: ---------- IsTheEntryLevel = 1, GameEngine=0xBB3DC00, GameEngine->GEntry=0x0, GameEngine->GEntry->GetLevelInfo()=0x0, current LevelInfo=0x131EB600
VoiceChat: GameInfo0 VoiceReplicationInfo created: None
DevMassive: ADCLIENT: Level has empty ZoneName.
DevMassive: ADCLIENT: Zone could not be downloaded, no ads will be served.
Log: Loadmap executed in 0.02 seconds. (0.00 Verify) (0.01 Load) (0.00 Actor Init)
Log: UGameEngine::Init() ... CommandLine = 
Log: Browse: Entry.s4m?Name=Operator?Class=SwatGame.SwatPlayer?team=255
Log: LoadMap: Entry.s4m?Name=Operator?Class=SwatGame.SwatPlayer?team=255
Log: [dkaplan]: URL.Map = Entry.s4m
Log: ****************************************************
Log:  Beginning level load: 'Entry.s4m'
Log: ****************************************************
Log: ****************************************************
Log:  Finished level load in 0 seconds
Log: ****************************************************
DevMassive: ADCLIENT: Level has empty ZoneName.
DevMassive: ADCLIENT: Zone could not be downloaded, no ads will be served.
Log: Loadmap executed in 0.00 seconds. (0.00 Verify) (-0.00 Load) (0.00 Actor Init)
Warning: Failed to load 'Class None.ini:Engine.Engine.DefaultPlayerMenu': Can't find 'ini:Engine.Engine.DefaultPlayerMenu' in configuration file
IMaster: Could not load interaction [ini:Engine.Engine.DefaultPlayerMenu]
Log: Applying TEXTURE Detail Setting [2]
Log: Applying WORLD Detail Setting [2]
Log: >>>>>>>>>>>> Applying Render Detail Setting [1]
Log: Switching realtime mirrors from ON to OFF
Log: Applying TEXTURE Detail Setting [2]
Log: Applying WORLD Detail Setting [2]
Log: <<<<<<<<<<<<<<<<<<<<<<<<<<<<<<<<<<<<<<<<<<<<<
Log: Render Detail Setting [1] (GIsEditor [0])
Log:    GlowDetail:          1
Log:    BumpmapDetail:       1
Log:       BSP Geometry: OFF
Log:       Characters:   ON
Log:       Static Mesh:  OFF
Log:       Emitters:     OFF
Log:    DynamicShadowDetail: 1
Log:    TextureDetail:       2
Log:       LODSET_None:	UltraHigh
Log:       LODSET_World:	Normal
Log:       LODSET_PlayerSkin:	Lower
Log:       LODSET_WeaponSkin:	Normal
Log:       LODSET_Terrain:	Lower
Log:       LODSET_Interface:	Normal
Log:       LODSET_RenderMap:	Lower
Log:       LODSET_Lightmap:	Lower
Log:       LODSET_NormalMap:	Lower
Log:    FluidSurfaceDetail:  1
Log:    WorldDetail:         2
Log:       NoDynamicLights:	0
Log:       Level DetailMode:	DM_High
Log:       RealtimeMirrors:         0
Log:       AllowShaders2.0:         1
Log: <<<<<<<<<<<<<<<<<<<<<<<<<<<<<<<<<<<<<<<<<<<<<
Log: SwatEntryPlayerController0 got player WindowsViewport0
Init: Input system initialized for WindowsViewport0
Log: Bound to SwatGui.dll
Log: PC GUI System Initialized
Warning: Failed to load 'Texture gui_tex.resetbutton': Failed to find object 'Texture gui_tex.resetbutton'
Warning: Failed to load 'Texture gui_tex.resetbutton': Failed to find object 'Texture gui_tex.resetbutton'
Warning: Failed to load 'Texture gui_tex.resetbutton': Failed to find object 'Texture gui_tex.resetbutton'
Warning: Failed to load 'Texture gui_tex.resetbutton': Failed to find object 'Texture gui_tex.resetbutton'
Warning: Failed to load 'Texture gui_tex.resetbutton': Failed to find object 'Texture gui_tex.resetbutton'
Warning: ImportText: Unexpected termination of entry in parenthesised struct, starting at []: entire struct entry is [(Pitch=-80,Yaw=5,Roll=0]
Warning: Failed to load 'NULL': Can't resolve package name
Warning: Failed to load 'Class None.None': Can't resolve package name
Warning: Failed to load 'NULL': Can't resolve package name
Warning: Failed to load 'Class None.None': Can't resolve package name
Warning: Failed to load 'NULL': Can't resolve package name
Warning: Failed to load 'Class None.None': Can't resolve package name
Warning: Failed to load 'NULL': Can't resolve package name
Warning: Failed to load 'Class None.None': Can't resolve package name
Warning: Failed to load 'NULL': Can't resolve package name
Warning: Failed to load 'Class None.None': Can't resolve package name
Warning: Failed to load 'NULL': Can't resolve package name
Warning: Failed to load 'Class None.None': Can't resolve package name
Warning: Failed to load 'NULL': Can't resolve package name
Warning: Failed to load 'Class None.None': Can't resolve package name
Warning: Failed to load 'NULL': Can't resolve package name
Warning: Failed to load 'Class None.None': Can't resolve package name
Warning: Failed to load 'NULL': Can't resolve package name
Warning: Failed to load 'Class None.None': Can't resolve package name
Warning: Failed to load 'NULL': Can't resolve package name
Warning: Failed to load 'Class None.None': Can't resolve package name
Warning: Failed to load 'NULL': Can't resolve package name
Warning: Failed to load 'Class None.None': Can't resolve package name
Warning: Failed to load 'NULL': Can't resolve package name
Warning: Failed to load 'Class None.None': Can't resolve package name
Warning: Failed to load 'DownloadMod': Can't find file for package 'DownloadMod'
Warning: Failed to load 'Class DownloadMod.DLTimeOut': Can't find file for package 'DownloadMod'
GUI: GUIMultiComponent::AddComponent - Could not create component DownloadMod.DLTimeOut
Log: WM_SETFOCUS was called
Log: WM_KILLFOCUS was called
Log: WM_SETFOCUS was called
Log: Opened viewport
Log: Enter SetRes: 800x600 Fullscreen 1
Log: Flushing viewport 0x14AE4B00
Log: Finished flushing viewport 0x14AE4B00 in 0.002 seconds
Init: Best-match display mode: 800x600x32@60
Log: Using back-buffer format 22(32-bit)
Log: Using depth-buffer format 75(32-bit)
Log: Creating device
Log: xD3D9Helper::Init (QuadEmulation)
Init: D3D Driver: CreateDevice: will use hardware transform and lighting.
Init: D3D Driver: CreateDevice: will use hardware vertex processing
Log: Creating IME context.
Log: Initializing COM and the Speech API.
Log: Failed to load our grammar into the speech recognition context.
Log: Failed to initialize the Speech API
Init: Game engine initialized in 7.969 seconds
Log: Startup time: 9.331000 seconds
Log: URL: Adding default option Name=Operator
Log: URL: Adding default option Class=SwatGame.SwatPlayer
Log: URL: Adding default option team=255
Log: Browse: swat_splashscene?Name=Operator?Class=SwatGame.SwatPlayer?team=255
Log: LoadMap: swat_splashscene?Name=Operator?Class=SwatGame.SwatPlayer?team=255
Log: [dkaplan]: URL.Map = swat_splashscene
Log: ****************************************************
Log:  Beginning level load: 'swat_splashscene'
Log: ****************************************************
Log: ****************************************************
Log:  Finished level load in 0.137 seconds
Log: ****************************************************
Log: Collecting garbage
Log: Purging garbage
Log: 16316.0ms Unloading: Package GIGN
Log: 16316.0ms Unloading: Package GIGN_OfficerTex
Log: 16316.0ms Unloading: Package suspect1
Log: 16316.0ms Unloading: Package suspect2
Log: 16316.0ms Unloading: Package Suspect2_officerTex
Log: 16316.0ms Unloading: Package Taiwan
Log: 16316.0ms Unloading: Package Taiwan_OfficerTex
Log: 16316.0ms Unloading: Package SwatObjectives
Log: Garbage: objects: 50527->50231; refs: 755349
Log: Building Collision Octree...
Log: Finished Building Collision Octree
Log: Game class is 'GameInfo'
Log: Level is Level swat_splashscene.myLevel
Log: Bringing Level swat_splashscene.myLevel up for play (0)...
Log: ---------- IsTheEntryLevel = 0, GameEngine=0xBB3DC00, GameEngine->GEntry=0x14F96400, GameEngine->GEntry->GetLevelInfo()=0x131EB600, current LevelInfo=0x16303F00
VoiceChat: GameInfo1 VoiceReplicationInfo created: None
Log: Spawning new actor for Viewport WindowsViewport0
Log: SwatEntryPlayerController1 got player WindowsViewport0
Log: Creating IME context.
Log: Flushing viewport 0x14AE4B00
Log: Finished flushing viewport 0x14AE4B00 in 0.001 seconds
DevMassive: ADCLIENT: Level has empty ZoneName.
DevMassive: ADCLIENT: Zone could not be downloaded, no ads will be served.
Log: Loadmap executed in 1.74 seconds. (0.12 Verify) (0.14 Load) (0.12 Actor Init)
Log: Precaching: swat_splashscene.LevelInfo0
Log: Finished Static Mesh Batch build in 0.001 seconds
Log: Static mesh batches: 3352024 vertex bytes, 183198 index bytes
Log: Allocating 16384 byte dynamic index buffer.
Log: Allocating 65536 byte dynamic vertex buffer.
Log: Finished precaching geometry in 0.196 seconds
Log: Finished precaching textures in 0.131 seconds
Init: EffectsSystem Configuration: ..\system\VisualEffectsConfig.u is up-to-date.
Log: [EFFECTS SYSTEM] The VisualEffectsSubsystem's configuration package is up-to-date.
Log: Collecting garbage
Log: Purging garbage
Log: Garbage: objects: 52224->51805; refs: 776734
Log: VisualEffectsSubsystem created.
Init: EffectsSystem Configuration: ..\system\SoundEffectsConfig.u is up-to-date.
Log: [EFFECTS SYSTEM] The SoundEffectsSubsystem's configuration package is up-to-date.
Log: There are no Streams specified for StreamSoundEffectSpecification: 
Log: Collecting garbage
Log: Purging garbage
Log: Garbage: objects: 84152->69807; refs: 868830
Log: SoundEffectsSubsystem created.
Log: Creating IME context.
Log: Precaching: swat_splashscene.LevelInfo0
Log: Finished precaching geometry in 0.012 seconds
Log: Finished precaching textures in 0.008 seconds
Log: Allocating 66240 byte dynamic vertex buffer.
Log: URL: Adding default option Name=Operator
Log: URL: Adding default option Class=SwatGame.SwatPlayer
Log: URL: Adding default option team=255
Log: Browse: SP-Hotel?Name=Operator?Class=SwatGame.SwatPlayer?team=255
Log: LoadMap: SP-Hotel?Name=Operator?Class=SwatGame.SwatPlayer?team=255
Log: [dkaplan]: URL.Map = SP-Hotel
Log: Static mesh batches: 0 vertex bytes, 0 index bytes
Log: ****************************************************
Log:  Beginning level load: 'SP-Hotel'
Log: ****************************************************
Log: (Havok): Physical world for ULevel being created.
Log: (Havok): Using medium solver
Log: (Havok): Found 3 ragdoll files matching search path '..\HavokData\*.hke'
Log: (Havok):   Precached ragdoll for file 'HotelSuitBag_rd.hke' in 1 ms.
Log: (Havok):   Precached ragdoll for file 'PaperTarget_rd.hke' in 1 ms.
Log: (Havok):   Precached ragdoll for file 'SWATofficer_rd.hke' in 16 ms.
Log: (Havok): Finished precaching ragdolls
Log: ****************************************************
Log:  Finished level load in 1.035 seconds
Log: ****************************************************
Log: Collecting garbage
Log: Purging garbage
Log: 27895.0ms Unloading: Package swat_splashscene
Log: 27895.0ms Unloading: Package GUIanimations
Log: 27895.0ms Unloading: Package SwatEffects
Log: 27895.0ms Unloading: Package VisualEffectsConfig
Log: 27895.0ms Unloading: Package SWATeffects2
Log: 27895.0ms Unloading: Package SWsef_weapons
Log: 27895.0ms Unloading: Package SW_meta
Log: 27895.0ms Unloading: Package SWSAS_weapons
Log: 27895.0ms Unloading: Package SW_bounce
Log: 27895.0ms Unloading: Package SW_hits
Log: 27896.0ms Unloading: Package SWEXP_weapons
Log: 27896.0ms Unloading: Package SWEXP_ambience
Log: 27896.0ms Unloading: Package SW_objects
Log: 27896.0ms Unloading: Package SW_vo
Log: 27896.0ms Unloading: Package SW_ambients
Log: 27896.0ms Unloading: Package SW_weapons
Log: 27896.0ms Unloading: Package SW_bullets
Log: 27896.0ms Unloading: Package SW_feet
Log: 27896.0ms Unloading: Package SoundEffectsConfig
Log: 27901.0ms Unloading: Package HOVv3MP
Log: 27901.0ms Unloading: Package SwatSimpleEquipment
Log: Garbage: objects: 89905->68845; refs: 1358843
Log: (Havok): Calling HavokInitActor on all 3787 Actors in the level
Log: (Havok) Initialised level mopp in 0.06 seconds
Log: Building Collision Octree...
Log: Finished Building Collision Octree
Log: Game class is 'SwatGameInfo'
Log: Level is Level SP-Hotel.myLevel
Log: *** WARNING - PATHS MAY NOT BE VALID ***
Log: Bringing Level SP-Hotel.myLevel up for play (0)...
Log: ---------- IsTheEntryLevel = 0, GameEngine=0xBB3DC00, GameEngine->GEntry=0x14F96400, GameEngine->GEntry->GetLevelInfo()=0x131EB600, current LevelInfo=0x24770000
Init: WinSock: version 1.1 (2.2), MaxSocks=32767, MaxUdp=65467
Init: WinSock: I am DESKTOP-STIL89 (192.168.2.105)
Log: Resolving ...
Log: Spawning new actor for Viewport WindowsViewport0
Log: SwatGamePlayerController0 got player WindowsViewport0
Log: Creating IME context.
Log: Flushing viewport 0x14AE4B00
Log: Finished flushing viewport 0x14AE4B00 in 0.006 seconds
DevMassive: ADCLIENT: OnLevelLoad, fetching zone SP-Hotel
DevMassive: ADCLIENT: MMT_GetZoneHeaders
Log: Loadmap executed in 2.64 seconds. (0.07 Verify) (1.04 Load) (1.20 Actor Init)
Log: Resolved  (192.168.2.105)
Log: Precaching: SP-Hotel.LevelInfo0
Log: Finished Static Mesh Batch build in 0.001 seconds
Log: Static mesh batches: 30815768 vertex bytes, 2494824 index bytes
Log: Allocating 16384 byte dynamic index buffer.
Log: Allocating 65536 byte dynamic vertex buffer.
Log: Allocating 86016 byte dynamic vertex buffer.
Log: Allocating 124432 byte dynamic vertex buffer.
Log: Allocating 19806 byte dynamic index buffer.
Log: Finished precaching geometry in 0.434 seconds
Log: Finished precaching textures in 0.319 seconds
Init: EffectsSystem Configuration: ..\system\VisualEffectsConfig.u is up-to-date.
Log: [EFFECTS SYSTEM] The VisualEffectsSubsystem's configuration package is up-to-date.
Log: Collecting garbage
Log: Purging garbage
Log: Garbage: objects: 78910->78615; refs: 1169685
Log: VisualEffectsSubsystem created.
Init: EffectsSystem Configuration: ..\system\SoundEffectsConfig.u is up-to-date.
Log: [EFFECTS SYSTEM] The SoundEffectsSubsystem's configuration package is up-to-date.
Log: There are no Streams specified for StreamSoundEffectSpecification: 
Log: Collecting garbage
Log: Purging garbage
Log: Garbage: objects: 112356->97569; refs: 1266879
Log: SoundEffectsSubsystem created.
Log: setActionParameters: WARNING: parameter BoolProperty SwatAICommon.AimAroundGoal.CancelWhenCompliant doesn't exist in action IdleAimAroundAction SP-Hotel.IdleAimAroundAction28
Log: setActionParameters: WARNING: parameter BoolProperty SwatAICommon.AimAroundGoal.CancelWhenCompliant doesn't exist in action IdleAimAroundAction SP-Hotel.IdleAimAroundAction29
Log: setActionParameters: WARNING: parameter BoolProperty SwatAICommon.AimAroundGoal.CancelWhenCompliant doesn't exist in action IdleAimAroundAction SP-Hotel.IdleAimAroundAction30
Log: setActionParameters: WARNING: parameter BoolProperty SwatAICommon.AimAroundGoal.CancelWhenCompliant doesn't exist in action IdleAimAroundAction SP-Hotel.IdleAimAroundAction31
Log: Precaching: SP-Hotel.LevelInfo0
Log: Finished precaching geometry in 0.016 seconds
Log: Finished precaching textures in 0.016 seconds
DevMassive: OnGetZoneHeaders: MMT_SUCCESS MMT_STATUS_OBJECT_NOT_FOUND
DevMassive: Couldn't retrieve the level's zone, no ads will be served.
Log: setActionParameters: WARNING: parameter BoolProperty SwatAICommon.AimAroundGoal.CancelWhenCompliant doesn't exist in action IdleAimAroundAction SP-Hotel.IdleAimAroundAction32
Log: setActionParameters: WARNING: parameter BoolProperty SwatAICommon.AimAroundGoal.CancelWhenCompliant doesn't exist in action IdleAimAroundAction SP-Hotel.IdleAimAroundAction33
Log: setActionParameters: WARNING: parameter BoolProperty SwatAICommon.AimAroundGoal.CancelWhenCompliant doesn't exist in action IdleAimAroundAction SP-Hotel.IdleAimAroundAction34
Log: setActionParameters: WARNING: parameter BoolProperty SwatAICommon.AimAroundGoal.CancelWhenCompliant doesn't exist in action IdleAimAroundAction SP-Hotel.IdleAimAroundAction35
Log: setActionParameters: WARNING: parameter BoolProperty SwatAICommon.UseOptiwandGoal.bCheckingForTrap doesn't exist in action UseOptiwandAction SP-Hotel.UseOptiwandAction4
Log: setActionParameters: WARNING: parameter BoolProperty SwatAICommon.AimAroundGoal.CancelWhenCompliant doesn't exist in action IdleAimAroundAction SP-Hotel.IdleAimAroundAction36
Log: setActionParameters: WARNING: parameter BoolProperty SwatAICommon.AimAroundGoal.CancelWhenCompliant doesn't exist in action IdleAimAroundAction SP-Hotel.IdleAimAroundAction37
Log: setActionParameters: WARNING: parameter BoolProperty SwatAICommon.AimAroundGoal.CancelWhenCompliant doesn't exist in action IdleAimAroundAction SP-Hotel.IdleAimAroundAction38
Log: setActionParameters: WARNING: parameter BoolProperty SwatAICommon.AimAroundGoal.CancelWhenCompliant doesn't exist in action IdleAimAroundAction SP-Hotel.IdleAimAroundAction39
Log: setActionParameters: WARNING: parameter BoolProperty SwatAICommon.AimAroundGoal.CancelWhenCompliant doesn't exist in action AimAroundAction SP-Hotel.AimAroundAction28
Log: setActionParameters: WARNING: parameter BoolProperty SwatAICommon.AimAroundGoal.CancelWhenCompliant doesn't exist in action AimAroundAction SP-Hotel.AimAroundAction29
Log: setActionParameters: WARNING: parameter BoolProperty SwatAICommon.AimAroundGoal.CancelWhenCompliant doesn't exist in action AimAroundAction SP-Hotel.AimAroundAction30
Log: setActionParameters: WARNING: parameter BoolProperty SwatAICommon.AimAroundGoal.CancelWhenCompliant doesn't exist in action AimAroundAction SP-Hotel.AimAroundAction31
Log: FindEngagingPointForOfficerInRoom - ClosestPoint to engage SwatEnemy19 (at anchor PathNode249) is LeftClearPoint13
Log: IterEnemy: SwatEnemy19 IsAThreat 0 IsIgnoringComplianceOrders: 0 isCompliant: 0 isArrested: 0
Log: FindEngagingPointForOfficerInRoom - ClosestPoint to engage SwatEnemy19 (at anchor PathNode249) is LeftClearPoint13
Log: FindEngagingPointForOfficerInRoom - ClosestPoint to engage SwatEnemy19 (at anchor PathNode249) is PathNode12
Log: FindEngagingPointForOfficerInRoom - Could not find a ClosestPoint for OfficerBlueOne0 to attack SwatEnemy19 (at anchor PathNode249)
Log: FindEngagingPointForOfficerInRoom - Could not find a ClosestPoint for OfficerBlueTwo0 to attack SwatEnemy19 (at anchor PathNode249)
Log: FindEngagingPointForOfficerInRoom - ClosestPoint to engage SwatEnemy19 (at anchor PathNode249) is PathNode12
Log: FindEngagingPointForOfficerInRoom - ClosestPoint to engage SwatEnemy19 (at anchor PathNode249) is LeftClearPoint13
Log: IterEnemy: SwatEnemy19 IsAThreat 0 IsIgnoringComplianceOrders: 0 isCompliant: 0 isArrested: 0
Log: FindEngagingPointForOfficerInRoom - Could not find a ClosestPoint for OfficerBlueOne0 to attack SwatEnemy19 (at anchor PathNode249)
Log: FindEngagingPointForOfficerInRoom - Could not find a ClosestPoint for OfficerBlueTwo0 to attack SwatEnemy19 (at anchor PathNode249)
Log: setActionParameters: WARNING: parameter BoolProperty SwatAICommon.AimAroundGoal.CancelWhenCompliant doesn't exist in action IdleAimAroundAction SP-Hotel.IdleAimAroundAction40
Log: setActionParameters: WARNING: parameter BoolProperty SwatAICommon.AimAroundGoal.CancelWhenCompliant doesn't exist in action IdleAimAroundAction SP-Hotel.IdleAimAroundAction41
Log: IterEnemy: SwatEnemy19 IsAThreat 0 IsIgnoringComplianceOrders: 0 isCompliant: 0 isArrested: 0
Log: FindEngagingPointForOfficerInRoom - ClosestPoint to engage SwatEnemy19 (at anchor PathNode249) is LeftClearPoint13
Log: FindEngagingPointForOfficerInRoom - ClosestPoint to engage SwatEnemy19 (at anchor PathNode249) is PathNode12
Log: FindEngagingPointForOfficerInRoom - Could not find a ClosestPoint for OfficerBlueOne0 to attack SwatEnemy19 (at anchor PathNode249)
Log: FindEngagingPointForOfficerInRoom - Could not find a ClosestPoint for OfficerBlueTwo0 to attack SwatEnemy19 (at anchor PathNode249)
Log: FindEngagingPointForOfficerInRoom - ClosestPoint to engage SwatEnemy9 (at anchor RightClearPoint56) is PathNode9
Log: FindEngagingPointForOfficerInRoom - ClosestPoint to engage SwatEnemy9 (at anchor RightClearPoint56) is PathNode12
Log: IterEnemy: SwatEnemy19 IsAThreat 0 IsIgnoringComplianceOrders: 0 isCompliant: 0 isArrested: 0
Log: IterEnemy: SwatEnemy9 IsAThreat 0 IsIgnoringComplianceOrders: 0 isCompliant: 0 isArrested: 0
Log: FindEngagingPointForOfficerInRoom - Could not find a ClosestPoint for OfficerBlueOne0 to attack SwatEnemy19 (at anchor PathNode249)
Log: FindEngagingPointForOfficerInRoom - Could not find a ClosestPoint for OfficerBlueTwo0 to attack SwatEnemy19 (at anchor PathNode249)
Log: FindEngagingPointForOfficerInRoom - Could not find a ClosestPoint for OfficerBlueOne0 to attack SwatEnemy9 (at anchor RightClearPoint56)
Log: FindEngagingPointForOfficerInRoom - Could not find a ClosestPoint for OfficerBlueTwo0 to attack SwatEnemy9 (at anchor RightClearPoint56)
Log: IterEnemy: SwatEnemy19 IsAThreat 0 IsIgnoringComplianceOrders: 0 isCompliant: 0 isArrested: 0
Log: IterEnemy: SwatEnemy9 IsAThreat 0 IsIgnoringComplianceOrders: 0 isCompliant: 0 isArrested: 0
Log: FindEngagingPointForOfficerInRoom - ClosestPoint to engage SwatEnemy19 (at anchor PathNode249) is LeftClearPoint13
Log: FindEngagingPointForOfficerInRoom - ClosestPoint to engage SwatEnemy19 (at anchor PathNode249) is PathNode12
Log: FindEngagingPointForOfficerInRoom - Could not find a ClosestPoint for OfficerBlueOne0 to attack SwatEnemy19 (at anchor PathNode249)
Log: FindEngagingPointForOfficerInRoom - Could not find a ClosestPoint for OfficerBlueTwo0 to attack SwatEnemy19 (at anchor PathNode249)
Log: FindEngagingPointForOfficerInRoom - ClosestPoint to engage SwatEnemy9 (at anchor RightClearPoint56) is PathNode9
Log: FindEngagingPointForOfficerInRoom - ClosestPoint to engage SwatEnemy9 (at anchor RightClearPoint56) is PathNode12
Log: FindEngagingPointForOfficerInRoom - Could not find a ClosestPoint for OfficerBlueOne0 to attack SwatEnemy9 (at anchor RightClearPoint56)
Log: FindEngagingPointForOfficerInRoom - Could not find a ClosestPoint for OfficerBlueTwo0 to attack SwatEnemy9 (at anchor RightClearPoint56)
Log: setActionParameters: WARNING: parameter BoolProperty SwatAICommon.AimAroundGoal.CancelWhenCompliant doesn't exist in action IdleAimAroundAction SP-Hotel.IdleAimAroundAction42
Log: setActionParameters: WARNING: parameter BoolProperty SwatAICommon.AimAroundGoal.CancelWhenCompliant doesn't exist in action IdleAimAroundAction SP-Hotel.IdleAimAroundAction43
Log: FindEngagingPointForOfficerInRoom - ClosestPoint to engage SwatEnemy19 (at anchor PathNode249) is LeftClearPoint13
Log: IterEnemy: SwatEnemy19 IsAThreat 0 IsIgnoringComplianceOrders: 0 isCompliant: 0 isArrested: 0
Log: IterEnemy: SwatEnemy9 IsAThreat 0 IsIgnoringComplianceOrders: 0 isCompliant: 0 isArrested: 0
Log: FindEngagingPointForOfficerInRoom - Could not find a ClosestPoint for OfficerBlueOne0 to attack SwatEnemy19 (at anchor PathNode47)
Log: FindEngagingPointForOfficerInRoom - Could not find a ClosestPoint for OfficerBlueTwo0 to attack SwatEnemy19 (at anchor PathNode47)
Log: FindEngagingPointForOfficerInRoom - Could not find a ClosestPoint for OfficerBlueOne0 to attack SwatEnemy9 (at anchor RightClearPoint56)
Log: FindEngagingPointForOfficerInRoom - Could not find a ClosestPoint for OfficerBlueTwo0 to attack SwatEnemy9 (at anchor RightClearPoint56)
Log: setActionParameters: WARNING: parameter BoolProperty SwatAICommon.AimAroundGoal.CancelWhenCompliant doesn't exist in action IdleAimAroundAction SP-Hotel.IdleAimAroundAction44
Log: IterEnemy: SwatEnemy19 IsAThreat 0 IsIgnoringComplianceOrders: 0 isCompliant: 0 isArrested: 0
Log: IterEnemy: SwatEnemy9 IsAThreat 0 IsIgnoringComplianceOrders: 0 isCompliant: 0 isArrested: 0
Log: FindEngagingPointForOfficerInRoom - ClosestPoint to engage SwatEnemy19 (at anchor PathNode47) is LeftClearPoint13
Log: FindEngagingPointForOfficerInRoom - ClosestPoint to engage SwatEnemy19 (at anchor PathNode47) is PathNode12
Log: FindEngagingPointForOfficerInRoom - Could not find a ClosestPoint for OfficerBlueOne0 to attack SwatEnemy19 (at anchor PathNode47)
Log: FindEngagingPointForOfficerInRoom - Could not find a ClosestPoint for OfficerBlueTwo0 to attack SwatEnemy19 (at anchor PathNode47)
Log: FindEngagingPointForOfficerInRoom - ClosestPoint to engage SwatEnemy9 (at anchor RightClearPoint56) is PathNode9
Log: FindEngagingPointForOfficerInRoom - ClosestPoint to engage SwatEnemy9 (at anchor RightClearPoint56) is PathNode12
Log: FindEngagingPointForOfficerInRoom - Could not find a ClosestPoint for OfficerBlueOne0 to attack SwatEnemy9 (at anchor RightClearPoint56)
Log: FindEngagingPointForOfficerInRoom - Could not find a ClosestPoint for OfficerBlueTwo0 to attack SwatEnemy9 (at anchor RightClearPoint56)
Log: setActionParameters: WARNING: parameter BoolProperty SwatAICommon.AimAroundGoal.CancelWhenCompliant doesn't exist in action IdleAimAroundAction SP-Hotel.IdleAimAroundAction45
Log: FindEngagingPointForOfficerInRoom - ClosestPoint to engage SwatEnemy19 (at anchor PathNode47) is LeftClearPoint13
Log: FindEngagingPointForOfficerInRoom - ClosestPoint to engage SwatEnemy9 (at anchor RightClearPoint56) is LeftClearPoint13
Log: IterEnemy: SwatEnemy19 IsAThreat 0 IsIgnoringComplianceOrders: 0 isCompliant: 0 isArrested: 0
Log: IterEnemy: SwatEnemy9 IsAThreat 0 IsIgnoringComplianceOrders: 0 isCompliant: 0 isArrested: 0
Log: FindEngagingPointForOfficerInRoom - Could not find a ClosestPoint for OfficerBlueOne0 to attack SwatEnemy19 (at anchor PathNode47)
Log: FindEngagingPointForOfficerInRoom - Could not find a ClosestPoint for OfficerBlueTwo0 to attack SwatEnemy19 (at anchor PathNode47)
Log: FindEngagingPointForOfficerInRoom - Could not find a ClosestPoint for OfficerBlueOne0 to attack SwatEnemy9 (at anchor RightClearPoint56)
Log: FindEngagingPointForOfficerInRoom - Could not find a ClosestPoint for OfficerBlueTwo0 to attack SwatEnemy9 (at anchor RightClearPoint56)
Log: setActionParameters: WARNING: parameter BoolProperty SwatAICommon.AimAroundGoal.CancelWhenCompliant doesn't exist in action IdleAimAroundAction SP-Hotel.IdleAimAroundAction46
Log: FindEngagingPointForOfficerInRoom - ClosestPoint to engage SwatEnemy9 (at anchor RightClearPoint56) is LeftClearPoint13
Log: IterEnemy: SwatEnemy19 IsAThreat 0 IsIgnoringComplianceOrders: 0 isCompliant: 0 isArrested: 0
Log: IterEnemy: SwatEnemy9 IsAThreat 0 IsIgnoringComplianceOrders: 0 isCompliant: 0 isArrested: 0
Log: FindEngagingPointForOfficerInRoom - ClosestPoint to engage SwatEnemy19 (at anchor PathNode47) is LeftClearPoint13
Log: FindEngagingPointForOfficerInRoom - ClosestPoint to engage SwatEnemy19 (at anchor PathNode47) is PathNode12
Log: FindEngagingPointForOfficerInRoom - Could not find a ClosestPoint for OfficerBlueOne0 to attack SwatEnemy19 (at anchor PathNode47)
Log: FindEngagingPointForOfficerInRoom - Could not find a ClosestPoint for OfficerBlueTwo0 to attack SwatEnemy19 (at anchor PathNode47)
Log: FindEngagingPointForOfficerInRoom - ClosestPoint to engage SwatEnemy9 (at anchor RightClearPoint56) is LeftClearPoint13
Log: FindEngagingPointForOfficerInRoom - ClosestPoint to engage SwatEnemy9 (at anchor RightClearPoint56) is PathNode12
Log: FindEngagingPointForOfficerInRoom - Could not find a ClosestPoint for OfficerBlueOne0 to attack SwatEnemy9 (at anchor RightClearPoint56)
Log: FindEngagingPointForOfficerInRoom - Could not find a ClosestPoint for OfficerBlueTwo0 to attack SwatEnemy9 (at anchor RightClearPoint56)
Log: setActionParameters: WARNING: parameter BoolProperty SwatAICommon.AimAroundGoal.CancelWhenCompliant doesn't exist in action IdleAimAroundAction SP-Hotel.IdleAimAroundAction47
Log: FindEngagingPointForOfficerInRoom - ClosestPoint to engage SwatEnemy19 (at anchor PathNode47) is LeftClearPoint13
Log: setActionParameters: WARNING: parameter BoolProperty SwatAICommon.AimAroundGoal.CancelWhenCompliant doesn't exist in action AimAroundAction SP-Hotel.AimAroundAction32
Log: IterEnemy: SwatEnemy19 IsAThreat 1 IsIgnoringComplianceOrders: 0 isCompliant: 0 isArrested: 0
Log: IterEnemy: SwatEnemy9 IsAThreat 0 IsIgnoringComplianceOrders: 0 isCompliant: 0 isArrested: 0
Log: FindEngagingPointForOfficerInRoom - ClosestPoint to engage SwatEnemy19 (at anchor RightClearPoint0) is PathNode9
Log: FindEngagingPointForOfficerInRoom - ClosestPoint to engage SwatEnemy19 (at anchor RightClearPoint0) is PathNode12
Log: FindEngagingPointForOfficerInRoom - Could not find a ClosestPoint for OfficerBlueOne0 to attack SwatEnemy19 (at anchor RightClearPoint0)
Log: FindEngagingPointForOfficerInRoom - Could not find a ClosestPoint for OfficerBlueTwo0 to attack SwatEnemy19 (at anchor RightClearPoint0)
Log: FindEngagingPointForOfficerInRoom - Could not find a ClosestPoint for OfficerBlueOne0 to attack SwatEnemy9 (at anchor RightClearPoint56)
Log: FindEngagingPointForOfficerInRoom - Could not find a ClosestPoint for OfficerBlueTwo0 to attack SwatEnemy9 (at anchor RightClearPoint56)
Log: setActionParameters: WARNING: parameter BoolProperty SwatAICommon.AimAroundGoal.CancelWhenCompliant doesn't exist in action IdleAimAroundAction SP-Hotel.IdleAimAroundAction48
Log: setActionParameters: WARNING: parameter BoolProperty SwatAICommon.AimAroundGoal.CancelWhenCompliant doesn't exist in action IdleAimAroundAction SP-Hotel.IdleAimAroundAction49
Log: FindEngagingPointForOfficerInRoom - ClosestPoint to engage SwatEnemy19 (at anchor RightClearPoint0) is PathNode9
Log: FindEngagingPointForOfficerInRoom - ClosestPoint to engage SwatEnemy19 (at anchor RightClearPoint0) is PathNode12
Log: FindEngagingPointForOfficerInRoom - ClosestPoint to engage SwatEnemy19 (at anchor RightClearPoint0) is PathNode9
Log: IterEnemy: SwatEnemy19 IsAThreat 1 IsIgnoringComplianceOrders: 0 isCompliant: 0 isArrested: 0
Log: IterEnemy: SwatEnemy9 IsAThreat 0 IsIgnoringComplianceOrders: 0 isCompliant: 0 isArrested: 0
Log: FindEngagingPointForOfficerInRoom - ClosestPoint to engage SwatEnemy19 (at anchor RightClearPoint0) is PathNode9
Log: FindEngagingPointForOfficerInRoom - ClosestPoint to engage SwatEnemy19 (at anchor RightClearPoint0) is PathNode12
Log: FindEngagingPointForOfficerInRoom - Could not find a ClosestPoint for OfficerBlueOne0 to attack SwatEnemy19 (at anchor RightClearPoint0)
Log: FindEngagingPointForOfficerInRoom - Could not find a ClosestPoint for OfficerBlueTwo0 to attack SwatEnemy19 (at anchor RightClearPoint0)
Log: FindEngagingPointForOfficerInRoom - Could not find a ClosestPoint for OfficerBlueOne0 to attack SwatEnemy9 (at anchor RightClearPoint56)
Log: FindEngagingPointForOfficerInRoom - Could not find a ClosestPoint for OfficerBlueTwo0 to attack SwatEnemy9 (at anchor RightClearPoint56)
Log: setActionParameters: WARNING: parameter BoolProperty SwatAICommon.AimAroundGoal.CancelWhenCompliant doesn't exist in action IdleAimAroundAction SP-Hotel.IdleAimAroundAction50
Log: IterEnemy: SwatEnemy9 IsAThreat 0 IsIgnoringComplianceOrders: 0 isCompliant: 0 isArrested: 0
Log: FindEngagingPointForOfficerInRoom - ClosestPoint to engage SwatEnemy9 (at anchor RightStackupPoint7) is RightStackupPoint2
Log: FindEngagingPointForOfficerInRoom - Could not find a ClosestPoint for OfficerBlueOne0 to attack SwatEnemy9 (at anchor RightClearPoint6)
Log: FindEngagingPointForOfficerInRoom - Could not find a ClosestPoint for OfficerBlueTwo0 to attack SwatEnemy9 (at anchor RightClearPoint6)
Log: IterEnemy: SwatEnemy9 IsAThreat 0 IsIgnoringComplianceOrders: 0 isCompliant: 0 isArrested: 0
Log: FindEngagingPointForOfficerInRoom - ClosestPoint to engage SwatEnemy9 (at anchor RightClearPoint6) is RightStackupPoint2
Log: FindEngagingPointForOfficerInRoom - ClosestPoint to engage SwatEnemy9 (at anchor RightClearPoint6) is RightStackupPoint2
Log: FindEngagingPointForOfficerInRoom - Could not find a ClosestPoint for OfficerBlueOne0 to attack SwatEnemy9 (at anchor RightClearPoint6)
Log: FindEngagingPointForOfficerInRoom - Could not find a ClosestPoint for OfficerBlueTwo0 to attack SwatEnemy9 (at anchor RightClearPoint6)
Log: setActionParameters: WARNING: parameter BoolProperty SwatAICommon.AimAroundGoal.CancelWhenCompliant doesn't exist in action IdleAimAroundAction SP-Hotel.IdleAimAroundAction51
Log: setActionParameters: WARNING: parameter BoolProperty SwatAICommon.AimAroundGoal.CancelWhenCompliant doesn't exist in action IdleAimAroundAction SP-Hotel.IdleAimAroundAction52
Log: setActionParameters: WARNING: parameter BoolProperty SwatAICommon.AimAroundGoal.CancelWhenCompliant doesn't exist in action IdleAimAroundAction SP-Hotel.IdleAimAroundAction53
Log: setActionParameters: WARNING: parameter BoolProperty SwatAICommon.AimAroundGoal.CancelWhenCompliant doesn't exist in action AimAroundAction SP-Hotel.AimAroundAction33
Log: URL: Adding default option Name=Operator
Log: URL: Adding default option Class=SwatGame.SwatPlayer
Log: URL: Adding default option team=255
Log: Browse: SP-Hotel?Name=Operator?Class=SwatGame.SwatPlayer?team=255
Log: LoadMap: SP-Hotel?Name=Operator?Class=SwatGame.SwatPlayer?team=255
Log: [dkaplan]: URL.Map = SP-Hotel
Error: Failed to deactivate our speech recognition grammar rules.
Log: (Havok): Destroying static world for level.
Log: ****************************************************
Log:  Beginning level load: 'SP-Hotel'
Log: ****************************************************
Log: (Havok): Physical world for ULevel being created.
Log: (Havok): Using medium solver
Log: (Havok): Found 3 ragdoll files matching search path '..\HavokData\*.hke'
Log: (Havok):   Precached ragdoll for file 'HotelSuitBag_rd.hke' in 1 ms.
Log: (Havok):   Precached ragdoll for file 'PaperTarget_rd.hke' in 1 ms.
Log: (Havok):   Precached ragdoll for file 'SWATofficer_rd.hke' in 16 ms.
Log: (Havok): Finished precaching ragdolls
Log: ****************************************************
Log:  Finished level load in 0.843 seconds
Log: ****************************************************
Log: Collecting garbage
Log: Purging garbage
Log: 133532.0ms Unloading: Package SWATeffects2
Log: 133532.0ms Unloading: Package SwatEffects
Log: 133532.0ms Unloading: Package VisualEffectsConfig
Log: 133532.0ms Unloading: Package SWsef_weapons
Log: 133532.0ms Unloading: Package SW_meta
Log: 133532.0ms Unloading: Package SWSAS_weapons
Log: 133532.0ms Unloading: Package SW_bounce
Log: 133532.0ms Unloading: Package SW_hits
Log: 133532.0ms Unloading: Package SWEXP_weapons
Log: 133532.0ms Unloading: Package SWEXP_ambience
Log: 133532.0ms Unloading: Package HOVv3MP
Log: 133532.0ms Unloading: Package SW_objects
Log: 133532.0ms Unloading: Package SW_vo
Log: 133532.0ms Unloading: Package SW_ambients
Log: 133532.0ms Unloading: Package SwatCameraEffects2
Log: 133532.0ms Unloading: Package SwatCameraEffects
Log: 133532.0ms Unloading: Package SW_weapons
Log: 133533.0ms Unloading: Package SW_bullets
Log: 133533.0ms Unloading: Package SwatSimpleEquipment
Log: 133533.0ms Unloading: Package SW_feet
Log: 133533.0ms Unloading: Package SoundEffectsConfig
Log: Garbage: objects: 99026->69759; refs: 1385898
Log: (Havok): Calling HavokInitActor on all 3787 Actors in the level
Log: (Havok) Initialised level mopp in 0.06 seconds
Log: Building Collision Octree...
Log: Finished Building Collision Octree
Log: Game class is 'SwatGameInfo'
Log: Level is Level SP-Hotel.myLevel
Log: *** WARNING - PATHS MAY NOT BE VALID ***
Log: Bringing Level SP-Hotel.myLevel up for play (0)...
Log: ---------- IsTheEntryLevel = 0, GameEngine=0xBB3DC00, GameEngine->GEntry=0x14F96400, GameEngine->GEntry->GetLevelInfo()=0x131EB600, current LevelInfo=0x24770000
Log: Resolving ...
Log: Spawning new actor for Viewport WindowsViewport0
Log: SwatGamePlayerController1 got player WindowsViewport0
Log: Creating IME context.
Log: Flushing viewport 0x14AE4B00
Log: Finished flushing viewport 0x14AE4B00 in 0.013 seconds
DevMassive: ADCLIENT: OnLevelLoad, fetching zone SP-Hotel
DevMassive: ADCLIENT: MMT_GetZoneHeaders
Log: Loadmap executed in 2.12 seconds. (0.00 Verify) (0.84 Load) (0.89 Actor Init)
Log: Resolved  (192.168.2.105)
Log: Precaching: SP-Hotel.LevelInfo0
Log: Finished Static Mesh Batch build in 0.001 seconds
Log: Static mesh batches: 30815768 vertex bytes, 2494824 index bytes
Log: Allocating 16384 byte dynamic index buffer.
Log: Allocating 65536 byte dynamic vertex buffer.
Log: Allocating 85960 byte dynamic vertex buffer.
Log: Allocating 124488 byte dynamic vertex buffer.
Log: Allocating 19758 byte dynamic index buffer.
Log: Finished precaching geometry in 0.432 seconds
Log: Allocating 129108 byte dynamic vertex buffer.
Log: Finished precaching textures in 0.251 seconds
Init: EffectsSystem Configuration: ..\system\VisualEffectsConfig.u is up-to-date.
Log: [EFFECTS SYSTEM] The VisualEffectsSubsystem's configuration package is up-to-date.
Log: Collecting garbage
Log: Purging garbage
Log: Garbage: objects: 79472->79177; refs: 1188687
Log: VisualEffectsSubsystem created.
Init: EffectsSystem Configuration: ..\system\SoundEffectsConfig.u is up-to-date.
Log: [EFFECTS SYSTEM] The SoundEffectsSubsystem's configuration package is up-to-date.
Log: There are no Streams specified for StreamSoundEffectSpecification: 
Log: Collecting garbage
Log: Purging garbage
Log: Garbage: objects: 112918->98131; refs: 1285881
Log: SoundEffectsSubsystem created.
Log: setActionParameters: WARNING: parameter BoolProperty SwatAICommon.AimAroundGoal.CancelWhenCompliant doesn't exist in action IdleAimAroundAction SP-Hotel.IdleAimAroundAction81
Log: setActionParameters: WARNING: parameter BoolProperty SwatAICommon.AimAroundGoal.CancelWhenCompliant doesn't exist in action IdleAimAroundAction SP-Hotel.IdleAimAroundAction82
Log: setActionParameters: WARNING: parameter BoolProperty SwatAICommon.AimAroundGoal.CancelWhenCompliant doesn't exist in action IdleAimAroundAction SP-Hotel.IdleAimAroundAction83
Log: setActionParameters: WARNING: parameter BoolProperty SwatAICommon.AimAroundGoal.CancelWhenCompliant doesn't exist in action IdleAimAroundAction SP-Hotel.IdleAimAroundAction84
Log: Precaching: SP-Hotel.LevelInfo0
Log: Finished precaching geometry in 0.017 seconds
Log: Finished precaching textures in 0.016 seconds
DevMassive: OnGetZoneHeaders: MMT_SUCCESS MMT_STATUS_OBJECT_NOT_FOUND
DevMassive: Couldn't retrieve the level's zone, no ads will be served.
Warning: Failed to load 'StaticMesh gear_sef.ProtectNVGUp': Failed to find object 'StaticMesh gear_sef.ProtectNVGUp'
Warning: ImportText: Unexpected termination of entry in parenthesised struct, starting at []: entire struct entry is [(Pitch=-80,Yaw=5,Roll=0]
Log: setActionParameters: WARNING: parameter BoolProperty SwatAICommon.AimAroundGoal.CancelWhenCompliant doesn't exist in action AimAroundAction SP-Hotel.AimAroundAction61
Log: FindEngagingPointForOfficerInRoom - ClosestPoint to engage SwatEnemy37 (at anchor PathNode245) is PathNode5
Log: FindEngagingPointForOfficerInRoom - ClosestPoint to engage SwatEnemy37 (at anchor PathNode245) is SwatOfficerStart1
Log: IterEnemy: SwatEnemy37 IsAThreat 0 IsIgnoringComplianceOrders: 0 isCompliant: 0 isArrested: 0
Log: FindEngagingPointForOfficerInRoom - ClosestPoint to engage SwatEnemy37 (at anchor PathNode245) is PathNode5
Log: FindEngagingPointForOfficerInRoom - ClosestPoint to engage SwatEnemy37 (at anchor PathNode245) is SwatOfficerStart1
Log: FindEngagingPointForOfficerInRoom - ClosestPoint to engage SwatEnemy37 (at anchor PathNode245) is PathNode5
Log: FindEngagingPointForOfficerInRoom - ClosestPoint to engage SwatEnemy37 (at anchor PathNode245) is SwatOfficerStart2
Log: FindEngagingPointForOfficerInRoom - ClosestPoint to engage SwatEnemy37 (at anchor PathNode245) is SwatOfficerStart2
Log: FindEngagingPointForOfficerInRoom - ClosestPoint to engage SwatEnemy37 (at anchor PathNode245) is SwatOfficerStart1
Log: FindEngagingPointForOfficerInRoom - ClosestPoint to engage SwatEnemy37 (at anchor PathNode245) is PathNode5
Log: FindEngagingPointForOfficerInRoom - ClosestPoint to engage SwatEnemy37 (at anchor PathNode245) is SwatOfficerStart1
Log: IterEnemy: SwatEnemy37 IsAThreat 0 IsIgnoringComplianceOrders: 0 isCompliant: 0 isArrested: 0
Log: FindEngagingPointForOfficerInRoom - ClosestPoint to engage SwatEnemy37 (at anchor PathNode245) is PathNode5
Log: FindEngagingPointForOfficerInRoom - ClosestPoint to engage SwatEnemy37 (at anchor PathNode245) is PathNode5
Log: setActionParameters: WARNING: parameter BoolProperty SwatAICommon.AimAroundGoal.CancelWhenCompliant doesn't exist in action IdleAimAroundAction SP-Hotel.IdleAimAroundAction85
Log: setActionParameters: WARNING: parameter BoolProperty SwatAICommon.AimAroundGoal.CancelWhenCompliant doesn't exist in action IdleAimAroundAction SP-Hotel.IdleAimAroundAction86
Log: IterEnemy: SwatEnemy37 IsAThreat 0 IsIgnoringComplianceOrders: 0 isCompliant: 0 isArrested: 0
Log: FindEngagingPointForOfficerInRoom - ClosestPoint to engage SwatEnemy37 (at anchor PathNode245) is PathNode5
Log: FindEngagingPointForOfficerInRoom - ClosestPoint to engage SwatEnemy37 (at anchor PathNode245) is SwatOfficerStart1
Log: FindEngagingPointForOfficerInRoom - ClosestPoint to engage SwatEnemy37 (at anchor PathNode245) is PathNode5
Log: FindEngagingPointForOfficerInRoom - ClosestPoint to engage SwatEnemy37 (at anchor PathNode245) is SwatOfficerStart2
Log: FindEngagingPointForOfficerInRoom - ClosestPoint to engage SwatEnemy37 (at anchor PathNode245) is SwatOfficerStart1
Log: FindEngagingPointForOfficerInRoom - ClosestPoint to engage SwatEnemy37 (at anchor PathNode245) is SwatOfficerStart2
Log: IterEnemy: SwatEnemy37 IsAThreat 0 IsIgnoringComplianceOrders: 1 isCompliant: 0 isArrested: 0
Log: setActionParameters: WARNING: parameter BoolProperty SwatAICommon.AimAroundGoal.CancelWhenCompliant doesn't exist in action IdleAimAroundAction SP-Hotel.IdleAimAroundAction87
Log: setActionParameters: WARNING: parameter BoolProperty SwatAICommon.AimAroundGoal.CancelWhenCompliant doesn't exist in action IdleAimAroundAction SP-Hotel.IdleAimAroundAction88
Log: IterEnemy: SwatEnemy37 IsAThreat 0 IsIgnoringComplianceOrders: 1 isCompliant: 0 isArrested: 0
Log: IterEnemy: SwatEnemy37 IsAThreat 0 IsIgnoringComplianceOrders: 1 isCompliant: 0 isArrested: 0
Log: setActionParameters: WARNING: parameter BoolProperty SwatAICommon.AimAroundGoal.CancelWhenCompliant doesn't exist in action IdleAimAroundAction SP-Hotel.IdleAimAroundAction89
Log: setActionParameters: WARNING: parameter BoolProperty SwatAICommon.AimAroundGoal.CancelWhenCompliant doesn't exist in action IdleAimAroundAction SP-Hotel.IdleAimAroundAction90
Log: setActionParameters: WARNING: parameter BoolProperty SwatAICommon.AimAroundGoal.CancelWhenCompliant doesn't exist in action AimAroundAction SP-Hotel.AimAroundAction62
Log: setActionParameters: WARNING: parameter BoolProperty SwatAICommon.AimAroundGoal.CancelWhenCompliant doesn't exist in action AimAroundAction SP-Hotel.AimAroundAction63
Log: setActionParameters: WARNING: parameter BoolProperty SwatAICommon.AimAroundGoal.CancelWhenCompliant doesn't exist in action AimAroundAction SP-Hotel.AimAroundAction64
Log: setActionParameters: WARNING: parameter BoolProperty SwatAICommon.AimAroundGoal.CancelWhenCompliant doesn't exist in action AimAroundAction SP-Hotel.AimAroundAction65
Log: setActionParameters: WARNING: parameter BoolProperty SwatAICommon.AimAroundGoal.CancelWhenCompliant doesn't exist in action AimAroundAction SP-Hotel.AimAroundAction66
Log: IterEnemy: SwatEnemy37 IsAThreat 0 IsIgnoringComplianceOrders: 1 isCompliant: 0 isArrested: 0
Log: Closing by request
Log: appRequestExit(0)
Exit: Preparing to exit.
Log: Purging garbage
Log: Unbound to Window.dll
Log: Unbound to Core.dll
Log: Unbound to Scripting.dll
Log: Unbound to Engine.dll
Log: Unbound to SwatAIAwareness.dll
Log: Unbound to AICommon.dll
Log: Unbound to ALAudio.dll
Log: Unbound to SwatGame.dll
Log: Unbound to RWOSupport.dll
Log: Unbound to Tyrion.dll
Log: Unbound to GUI.dll
Log: Unbound to SwatAICommon.dll
Log: Unbound to Editor.dll
Log: Unbound to ScriptCompiler.dll
Log: 233499.0ms Unloading: Package SwatGame
Log: 233500.0ms Unloading: Package Engine
Log: 233500.0ms Unloading: Package Core
Log: 233500.0ms Unloading: Package Engine_res
Log: 233500.0ms Unloading: Package SWAT4editorTex
Log: 233501.0ms Unloading: Package SwatGear_sm
Log: 233501.0ms Unloading: Package SwatGearTex
Log: 233501.0ms Unloading: Package SWAT1stPersonTex
Log: 233501.0ms Unloading: Package SwatFXtex
Log: 233501.0ms Unloading: Package MaleGang1Tex
Log: 233501.0ms Unloading: Package HUD
Log: 233501.0ms Unloading: Package EditorSprites
Log: 233501.0ms Unloading: Package FP_Hand2
Log: Unbound to IGEffectsSystem.dll
Log: 233501.0ms Unloading: Package IGEffectsSystem
Log: 233501.0ms Unloading: Package 1stPersonTex_sas
Log: 233501.0ms Unloading: Package Hotel_sm
Log: 233501.0ms Unloading: Package Hotel
Log: 233501.0ms Unloading: Package MetalShaders
Log: 233501.0ms Unloading: Package Repo_Tex
Log: 233501.0ms Unloading: Package Arms_Tex
Log: 233501.0ms Unloading: Package Silence_Tex
Log: 233501.0ms Unloading: Package office_Tex
Log: 233501.0ms Unloading: Package DNA_tex
Log: 233501.0ms Unloading: Package VIP_Tex
Log: 233501.0ms Unloading: Package HotelFXtex
Log: 233501.0ms Unloading: Package barbershop_tex
Log: 233501.0ms Unloading: Package Editor_res
Log: 233501.0ms Unloading: Package SwatAICommon
Log: 233502.0ms Unloading: Package Tyrion
Log: 233502.0ms Unloading: Package AICommon
Log: 233502.0ms Unloading: Package SwatAIAwareness
Log: 233502.0ms Unloading: Package GUI
Log: 233502.0ms Unloading: Package gui_tex
Log: 233502.0ms Unloading: Package Scripting
Log: 233502.0ms Unloading: Package Voting
Log: Unbound to IGSoundEffectsSubsystem.dll
Log: 233502.0ms Unloading: Package IGSoundEffectsSubsystem
Log: 233502.0ms Unloading: Package IGEffectsSystem_EditorTextures
Log: 233502.0ms Unloading: Package RWOSupport
Log: 233502.0ms Unloading: Package Gameplay
Log: Unbound to SwatEquipment.dll
Log: 233502.0ms Unloading: Package SwatEquipment
Log: 233502.0ms Unloading: Package SwatEquipmentModels2
Log: 233502.0ms Unloading: Package gear_sas
Log: 233502.0ms Unloading: Package GearTex_sas
Log: 233502.0ms Unloading: Package gear_sef
Log: 233502.0ms Unloading: Package GearTex_sef
Log: 233502.0ms Unloading: Package SwatArmory_Tex
Log: 233502.0ms Unloading: Package SwatGear2Tex
Log: 233502.0ms Unloading: Package bp_3P_tex
Log: 233503.0ms Unloading: Package SwatGear2_sm
Log: 233503.0ms Unloading: Package druglab
Log: 233503.0ms Unloading: Package SwatFX2tex
Log: 233503.0ms Unloading: Package FP_SCARH07
Log: 233503.0ms Unloading: Package SwatArmory_sm
Log: 233503.0ms Unloading: Package FP_9mmPistol
Log: 233503.0ms Unloading: Package FP_C2detonator
Log: 233503.0ms Unloading: Package FP_NovaPumpShotgun
Log: 233503.0ms Unloading: Package FP_MP5Ktactical
Log: 233503.0ms Unloading: Package Colt1911FL_ThirdPerson
Log: 233503.0ms Unloading: Package FP_coltHG
Log: 233503.0ms Unloading: Package bp_3P_weapons_sm
Log: 233503.0ms Unloading: Package NovaPump_ThirdPerson
Log: 233503.0ms Unloading: Package TP_rem870
Log: 233503.0ms Unloading: Package FP_AK47
Log: 233503.0ms Unloading: Package fp_fnp90
Log: 233503.0ms Unloading: Package SWAT1stPersonTex2
Log: 233503.0ms Unloading: Package FP_csGasGrenade
Log: 233503.0ms Unloading: Package FP_Revolver
Log: 233503.0ms Unloading: Package Coronas
Log: 233503.0ms Unloading: Package FP_taser
Log: 233503.0ms Unloading: Package FP_paintball
Log: 233503.0ms Unloading: Package FP_Handcuffs
Log: 233503.0ms Unloading: Package FP_C2charge
Log: 233503.0ms Unloading: Package FP_Pepperspray
Log: 233503.0ms Unloading: Package FP_flashbangGrenade
Log: 233503.0ms Unloading: Package FP_stingGrenade
Log: 233503.0ms Unloading: Package FP_DoorWedge
Log: 233503.0ms Unloading: Package FP_mp5k
Log: 233503.0ms Unloading: Package FP_mp5SMG
Log: 233503.0ms Unloading: Package FP_UMPsmg
Log: 233503.0ms Unloading: Package NineMMpistol_ThirdPerson
Log: 233503.0ms Unloading: Package FP_browHP
Log: 233503.0ms Unloading: Package TP_browHP
Log: 233503.0ms Unloading: Package FP_hk33
Log: 233503.0ms Unloading: Package FP_p226
Log: 233503.0ms Unloading: Package TP_p226
Log: 233503.0ms Unloading: Package FP_sg552
Log: 233503.0ms Unloading: Package FP_toolkit
Log: 233503.0ms Unloading: Package FP_mp5ksd
Log: 233503.0ms Unloading: Package FP_hk33s
Log: 233503.0ms Unloading: Package FP_p226sd
Log: 233503.0ms Unloading: Package TP_p226sd
Log: 233503.0ms Unloading: Package FP_sg552sd
Log: 233503.0ms Unloading: Package FP_UMPsmgsd
Log: 233503.0ms Unloading: Package FP_browHPsd
Log: 233503.0ms Unloading: Package TP_browHPsd
Log: 233503.0ms Unloading: Package FP_llrem870
Log: 233503.0ms Unloading: Package BreachingSG_ThirdPerson
Log: 233504.0ms Unloading: Package FP_BreachingSG
Log: 233504.0ms Unloading: Package FP_mp5sd
Log: 233504.0ms Unloading: Package FP_arwen37
Log: 233504.0ms Unloading: Package fp_Stinger
Log: 233504.0ms Unloading: Package FP_HK69
Log: 233504.0ms Unloading: Package FP_AR_15SD
Log: 233504.0ms Unloading: Package FP_Optiwand
Log: 233504.0ms Unloading: Package scripted_tex
Log: 233504.0ms Unloading: Package Optiwand_ThirdPerson
Log: 233504.0ms Unloading: Package FP_rem870
Log: 233504.0ms Unloading: Package bp_FP_M4
Log: 233504.0ms Unloading: Package bp_FP_tex
Log: 233504.0ms Unloading: Package FP_mp5SMGsilenced
Log: 233504.0ms Unloading: Package FP_G36k
Log: 233504.0ms Unloading: Package FP_SAW
Log: 233504.0ms Unloading: Package 3rd_SAW
Log: 233504.0ms Unloading: Package FP_uzi
Log: 233504.0ms Unloading: Package FP_M16A1
Log: 233504.0ms Unloading: Package FP_m4super90sg
Log: 233504.0ms Unloading: Package bp_FP_M4_SD
Log: 233504.0ms Unloading: Package FP_glowstick
Log: 233504.0ms Unloading: Package FP_m1super90
Log: 233504.0ms Unloading: Package FP_DesertEagleNew
Log: 233504.0ms Unloading: Package FP_AKS74U
Log: 233504.0ms Unloading: Package FP_G36ks
Log: 233504.0ms Unloading: Package bp_FP_M4v2
Log: 233504.0ms Unloading: Package bp_FP_M4v2_SD
Log: 233504.0ms Unloading: Package FP_M16A1sd
Log: 233504.0ms Unloading: Package fp_tec9
Log: 233504.0ms Unloading: Package gui_sas
Log: 233504.0ms Unloading: Package gui_tex3
Log: 233504.0ms Unloading: Package gui_tex2
Log: 233504.0ms Unloading: Package bp_gui_tex
Log: 233504.0ms Unloading: Package SwatEquipmentModels3
Log: 233504.0ms Unloading: Package SwatEquipmentModels
Log: 233504.0ms Unloading: Package FP_M4A1mg
Log: 233504.0ms Unloading: Package FP_FragGrenade
Log: 233504.0ms Unloading: Package coltsmg_static
Log: 233504.0ms Unloading: Package ColtSMG
Log: 233504.0ms Unloading: Package FP_coltsmgsil
Log: 233504.0ms Unloading: Package FP_coltsmg
Log: 233504.0ms Unloading: Package TaserWire
Log: 233504.0ms Unloading: Package swatmeshfx2_sm
Log: 233504.0ms Unloading: Package SwatDesignerClasses
Log: 233504.0ms Unloading: Package Bar_sm
Log: 233504.0ms Unloading: Package Bar_Tex
Log: 233504.0ms Unloading: Package Junk_Tex
Log: 233504.0ms Unloading: Package bullseye_Tex
Log: 233505.0ms Unloading: Package Paradise_Tex
Log: 233505.0ms Unloading: Package Tenement_Tex
Log: 233505.0ms Unloading: Package train
Log: 233505.0ms Unloading: Package Hosp
Log: 233505.0ms Unloading: Package RedLibrary_Tex
Log: 233505.0ms Unloading: Package Outdoors_Tex
Log: 233505.0ms Unloading: Package Con_Tex
Log: 233505.0ms Unloading: Package Con_sm
Log: 233505.0ms Unloading: Package mac_Tex
Log: 233505.0ms Unloading: Package Doors_sm
Log: 233505.0ms Unloading: Package doors_Tex
Log: 233505.0ms Unloading: Package Jewel_Tex
Log: 233505.0ms Unloading: Package Power_Tex
Log: 233505.0ms Unloading: Package Tenement_sm
Log: 233505.0ms Unloading: Package Silence_sm
Log: 233505.0ms Unloading: Package off_sm
Log: 233505.0ms Unloading: Package Repo_sm
Log: 233505.0ms Unloading: Package LocalizedTextures
Log: 233505.0ms Unloading: Package Barbershop_sm
Log: 233505.0ms Unloading: Package Furniture_Tex
Log: 233505.0ms Unloading: Package dna_sm
Log: 233505.0ms Unloading: Package amc_Tex
Log: 233505.0ms Unloading: Package VIP_sm
Log: 233505.0ms Unloading: Package Cars
Log: 233505.0ms Unloading: Package Hosp_sm
Log: 233505.0ms Unloading: Package mac_sm
Log: 233505.0ms Unloading: Package Power_sm
Log: 233505.0ms Unloading: Package Jewel_sm
Log: 233505.0ms Unloading: Package arms_sm
Log: 233505.0ms Unloading: Package Redlibrary_sm
Log: 233505.0ms Unloading: Package train_sm
Log: 233505.0ms Unloading: Package Paradise_sm
Log: 233505.0ms Unloading: Package Utility_Tex
Log: 233505.0ms Unloading: Package Druglab_sm
Log: 233505.0ms Unloading: Package DeadPeople_sm
Log: 233505.0ms Unloading: Package FemaleNurseTex
Log: 233505.0ms Unloading: Package MaleDoctorTex
Log: 233505.0ms Unloading: Package SWATbadguyTex
Log: 233505.0ms Unloading: Package SWATofficerTex
Log: 233505.0ms Unloading: Package MaleCasual2Tex
Log: 233505.0ms Unloading: Package utility_sm
Log: 233505.0ms Unloading: Package bullseye_sm
Log: 233505.0ms Unloading: Package Junk_sm
Log: 233505.0ms Unloading: Package SWATmeshFX_sm
Log: 233505.0ms Unloading: Package Cars_sm
Log: 233505.0ms Unloading: Package MaleJanitorTextureSet
Log: 233505.0ms Unloading: Package SWATMaleAnimation
Log: 233505.0ms Unloading: Package MaleSuitTex
Log: 233505.0ms Unloading: Package MaleCasual3Tex
Log: 233505.0ms Unloading: Package LeoMelTextureSet
Log: 233505.0ms Unloading: Package CultLeaderTextureSet
Log: 233505.0ms Unloading: Package MaleCasual4Tex
Log: 233505.0ms Unloading: Package MaleChubbyTex
Log: 233506.0ms Unloading: Package SWATheavyTex
Log: 233506.0ms Unloading: Package SWATinstructorTex
Log: 233506.0ms Unloading: Package MaleBarberTex
Log: 233506.0ms Unloading: Package MaleCasual1Tex
Log: 233506.0ms Unloading: Package MaleCasualArmorTex
Log: 233506.0ms Unloading: Package wall_sm
Log: 233506.0ms Unloading: Package wall_Tex
Log: 233506.0ms Unloading: Package MPbomb
Log: 233506.0ms Unloading: Package TrainingAnimatedMeshes
Log: 233506.0ms Unloading: Package SwatProgrammerSampleClasses
Log: 233506.0ms Unloading: Package SwatProcedures
Log: Unbound to IpDrv.dll
Log: 233506.0ms Unloading: Package IpDrv
Log: 233506.0ms Unloading: Package mp_OfficerTex
Log: 233506.0ms Unloading: Package SWATMaleAnimation2
Log: 233506.0ms Unloading: Package maleMafiaTex
Log: 233506.0ms Unloading: Package maleHomelessTex
Log: 233506.0ms Unloading: Package CASMtex
Log: 233506.0ms Unloading: Package SWATnoArmourTex
Log: 233506.0ms Unloading: Package CameraEffectsTex
Log: 233506.0ms Unloading: Package SwatProtectiveEquipment
Log: 233506.0ms Unloading: Package HOVv3GuiVests
Log: 233506.0ms Unloading: Package SWATMaleAnimationHOV
Log: 233506.0ms Unloading: Package ProgrammerTestObjectsTex
Log: 233506.0ms Unloading: Package Suspect1_officerTex
Log: 233506.0ms Unloading: Package UWindow_res
Log: 233506.0ms Unloading: Package CoopArrow
Log: 233506.0ms Unloading: Package SWATDoubleDoorAnimations
Log: 233506.0ms Unloading: Package SWATDoorAnimation
Log: 233506.0ms Unloading: Package SwatProtectiveEquipment2
Exit: Game engine shut down
Log: Unbound to IGVisualEffectsSubsystem.dll
Log: 233508.0ms Unloading: Package IGVisualEffectsSubsystem
Log: 233510.0ms Unloading: Package SwatEquipmentModels_3
Log: 233510.0ms Unloading: Package SwatEquipmentModels4
Log: 233510.0ms Unloading: Package FP_UMPsmg_holo
Log: 233510.0ms Unloading: Package Eotech552
Log: 233510.0ms Unloading: Package ump_holo_static
Log: 233510.0ms Unloading: Package FP_92fs
Log: 233510.0ms Unloading: Package 92fs
Log: 233510.0ms Unloading: Package Rem870pump_ThirdPerson
Log: 233510.0ms Unloading: Package rem870
Log: 233510.0ms Unloading: Package rem870_static
Log: 233510.0ms Unloading: Package Rem870Pump_FirstPerson
Log: 233510.0ms Unloading: Package Editor
Log: Unbound to WinDrv.dll
Log: Flushing viewport 0x14AE4B00
Log: Finished flushing viewport 0x14AE4B00 in 0.023 seconds
Log: Flushing viewport 0x0
Log: Finished flushing viewport 0x0 in 0.006 seconds
Exit: Windows client shut down
Log: Unbound to D3DDrv.dll
Log: 233999.0ms Unloading: Package Packages
Exit: OpenAL Audio subsystem shut down.
DevMassive: ADCLIENT: MMT_DeInitialize
Log: 234115.0ms Unloading: Package Entry
Log: Unbound to SwatGui.dll
Log: 234115.0ms Unloading: Package SwatGui
Log: 234116.0ms Unloading: Package FP_mp5a4
Log: 234116.0ms Unloading: Package MP5A4_NEW
Log: 234117.0ms Unloading: Package FP_G36Knew
Log: 234117.0ms Unloading: Package G36Knew
Log: 234117.0ms Unloading: Package TP_G36Knew
Log: 234117.0ms Unloading: Package M4A1_SFM500
Log: 234117.0ms Unloading: Package FP_G36Knew_silHolo
Log: 234117.0ms Unloading: Package FP_M4A1_SFM500
Log: 234117.0ms Unloading: Package FP_M4A1_SFM500_silAim
Log: 234117.0ms Unloading: Package AimpointM2
Log: 234117.0ms Unloading: Package M4A1_SFM500Aim
Log: 234117.0ms Unloading: Package FP_M4A1_CQB_Holo
Log: 234117.0ms Unloading: Package m4a1_cqb_ThirdPerson
Log: 234117.0ms Unloading: Package FP_M4A1_CQB_silHolo
Log: 234117.0ms Unloading: Package FP_m4super90sg_holo
Log: 234117.0ms Unloading: Package m4s90holo_static
Log: 234117.0ms Unloading: Package FP_kimber
Log: 234117.0ms Unloading: Package kimber
Log: 234117.0ms Unloading: Package TP_kimber
Log: 234117.0ms Unloading: Package SwatAmmo
Log: 234117.0ms Unloading: Package SwatAmmo2
Log: 234117.0ms Unloading: Package SwatProjectile
Log: 234117.0ms Unloading: Package SwatProtectiveEquipmentHOVvestsB
Log: 234117.0ms Unloading: Package SwatProtectiveEquipmentHOVvests
Log: 234118.0ms Unloading: Package SwatProtectiveEquipmentHOV
Log: 234118.0ms Unloading: Package HOVhelmetsMOD
Log: 234118.0ms Unloading: Package SwatGearTexHOV
Log: 234118.0ms Unloading: Package HOVguiTex
Log: 234118.0ms Unloading: Package SwatProtectiveEquipmentHOVb
Log: 234118.0ms Unloading: Package SwatProtectiveEquipmentHOVc
Log: 234118.0ms Unloading: Package HovV5gears
Log: 234118.0ms Unloading: Package GuiV5helmets
Log: 234118.0ms Unloading: Package SwatProtectiveEquipmentHOVd
Log: 234118.0ms Unloading: Package Outdoors_sm
Log: 234118.0ms Unloading: Package SWATcivilianGear_sm
Log: 234118.0ms Unloading: Package FemaleCasual2Tex
Log: 234118.0ms Unloading: Package FemaleOfficeTex
Log: 234118.0ms Unloading: Package FemaleHeavyTex
Log: 234118.0ms Unloading: Package PerimeterAnimatedMeshes
Log: 234118.0ms Unloading: Package AnimatedDecorMeshes
Log: 234118.0ms Unloading: Package HotelAnimatedMeshes
Log: 234118.0ms Unloading: Package TreeLeaves
Log: 234118.0ms Unloading: Package JewelryAnimatedMeshes
Log: 234118.0ms Unloading: Package SilenceShrub
Log: 234118.0ms Unloading: Package VIPanimatedMeshes
Log: 234118.0ms Unloading: Package REPOhelicopter
Log: 234118.0ms Unloading: Package ArmsShrub
Log: 234118.0ms Unloading: Package RedLibraryAnimatedMeshes
Log: 234118.0ms Unloading: Package BarPullBarber
Log: 234118.0ms Unloading: Package AbombStageLights
Log: 234118.0ms Unloading: Package SwatFonts
Log: (Havok): Destroying static world for level.
Log: 234140.0ms Unloading: Package bath_Tex
Log: 234140.0ms Unloading: Package bath_sm
Log: 234140.0ms Unloading: Package Furniture_Sm
Log: 234140.0ms Unloading: Package mass_textures
Log: 234140.0ms Unloading: Package mass_objects
Log: 234140.0ms Unloading: Package mass_classes
Log: 234140.0ms Unloading: Package SP-Hotel
Log: 234141.0ms Unloading: Package SwatObjectives
Log: 234143.0ms Unloading: Package SWATeffects2
Log: 234143.0ms Unloading: Package SwatEffects
Log: 234143.0ms Unloading: Package VisualEffectsConfig
Log: 234143.0ms Unloading: Package SWsef_weapons
Log: 234143.0ms Unloading: Package SW_meta
Log: 234143.0ms Unloading: Package SWSAS_weapons
Log: 234143.0ms Unloading: Package SW_bounce
Log: 234143.0ms Unloading: Package SW_hits
Log: 234144.0ms Unloading: Package SWEXP_weapons
Log: 234144.0ms Unloading: Package SWEXP_ambience
Log: 234144.0ms Unloading: Package HOVv3MP
Log: 234144.0ms Unloading: Package SW_objects
Log: 234144.0ms Unloading: Package SW_vo
Log: 234144.0ms Unloading: Package SW_ambients
Log: 234144.0ms Unloading: Package SwatCameraEffects2
Log: 234144.0ms Unloading: Package SwatCameraEffects
Log: 234146.0ms Unloading: Package SW_weapons
Log: 234146.0ms Unloading: Package SW_bullets
Log: 234148.0ms Unloading: Package SwatSimpleEquipment
Log: 234149.0ms Unloading: Package SW_feet
Log: 234149.0ms Unloading: Package SoundEffectsConfig
Log: (Havok): Notifiing dependant DLLs of Havok shutdown..
Log: (Havok): Shutting down base system.
Log: Garbage: objects: 100437->0; refs: 1285881
Exit: Object subsystem successfully closed.
Exit: Exiting.
Log: Waiting for file streaming thread to finish...
Uninitialized: Name subsystem shut down
Uninitialized: Memory Allocation Status
Uninitialized: Curr Memory  1.029M /  19.328M
Uninitialized: Peak Memory  320.770M /  331.574M
Uninitialized: Allocs        4557 Current /  55545501 Total
Uninitialized: Log file closed, 12/05/20 13:12:40
